mode: set
github.com/k-tsurumaki/fuselage/config.go:23.47,25.16 2 1
github.com/k-tsurumaki/fuselage/config.go:25.16,27.3 1 0
github.com/k-tsurumaki/fuselage/config.go:29.2,30.54 2 1
github.com/k-tsurumaki/fuselage/config.go:30.54,32.3 1 0
github.com/k-tsurumaki/fuselage/config.go:35.2,35.30 1 1
github.com/k-tsurumaki/fuselage/config.go:35.30,37.3 1 1
github.com/k-tsurumaki/fuselage/config.go:38.2,38.29 1 1
github.com/k-tsurumaki/fuselage/config.go:38.29,40.3 1 1
github.com/k-tsurumaki/fuselage/config.go:41.2,41.36 1 1
github.com/k-tsurumaki/fuselage/config.go:41.36,43.3 1 1
github.com/k-tsurumaki/fuselage/config.go:44.2,44.37 1 1
github.com/k-tsurumaki/fuselage/config.go:44.37,46.3 1 1
github.com/k-tsurumaki/fuselage/config.go:47.2,47.36 1 1
github.com/k-tsurumaki/fuselage/config.go:47.36,49.3 1 1
github.com/k-tsurumaki/fuselage/config.go:51.2,51.21 1 1
github.com/k-tsurumaki/fuselage/config.go:54.35,56.2 1 0
github.com/k-tsurumaki/fuselage/config.go:58.66,60.39 1 0
github.com/k-tsurumaki/fuselage/config.go:60.39,61.13 1 0
github.com/k-tsurumaki/fuselage/config.go:62.17,63.22 1 0
github.com/k-tsurumaki/fuselage/config.go:64.18,65.23 1 0
github.com/k-tsurumaki/fuselage/config.go:66.18,67.41 1 0
github.com/k-tsurumaki/fuselage/config.go:71.2,79.3 1 0
github.com/k-tsurumaki/fuselage/fuselage.go:23.20,28.2 1 1
github.com/k-tsurumaki/fuselage/fuselage.go:31.66,33.2 1 1
github.com/k-tsurumaki/fuselage/fuselage.go:36.70,38.40 1 1
github.com/k-tsurumaki/fuselage/fuselage.go:38.40,39.45 1 1
github.com/k-tsurumaki/fuselage/fuselage.go:39.45,40.72 1 1
github.com/k-tsurumaki/fuselage/fuselage.go:40.72,44.5 3 1
github.com/k-tsurumaki/fuselage/fuselage.go:49.2,49.44 1 1
github.com/k-tsurumaki/fuselage/fuselage.go:52.69,53.46 1 1
github.com/k-tsurumaki/fuselage/fuselage.go:53.46,55.3 1 1
github.com/k-tsurumaki/fuselage/fuselage.go:56.2,56.16 1 1
github.com/k-tsurumaki/fuselage/fuselage.go:60.61,61.33 1 1
github.com/k-tsurumaki/fuselage/fuselage.go:61.33,63.3 1 1
github.com/k-tsurumaki/fuselage/fuselage.go:63.8,65.3 1 1
github.com/k-tsurumaki/fuselage/fuselage.go:69.62,70.33 1 1
github.com/k-tsurumaki/fuselage/fuselage.go:70.33,72.3 1 0
github.com/k-tsurumaki/fuselage/fuselage.go:72.8,74.3 1 1
github.com/k-tsurumaki/fuselage/fuselage.go:78.61,79.33 1 0
github.com/k-tsurumaki/fuselage/fuselage.go:79.33,81.3 1 0
github.com/k-tsurumaki/fuselage/fuselage.go:81.8,83.3 1 0
github.com/k-tsurumaki/fuselage/fuselage.go:87.64,88.33 1 0
github.com/k-tsurumaki/fuselage/fuselage.go:88.33,90.3 1 0
github.com/k-tsurumaki/fuselage/fuselage.go:90.8,92.3 1 0
github.com/k-tsurumaki/fuselage/fuselage.go:95.66,99.42 3 1
github.com/k-tsurumaki/fuselage/fuselage.go:99.42,101.3 1 0
github.com/k-tsurumaki/fuselage/fuselage.go:103.2,104.34 2 1
github.com/k-tsurumaki/fuselage/fuselage.go:104.34,105.35 1 1
github.com/k-tsurumaki/fuselage/fuselage.go:105.35,107.4 1 1
github.com/k-tsurumaki/fuselage/fuselage.go:107.9,107.37 1 1
github.com/k-tsurumaki/fuselage/fuselage.go:107.37,109.4 1 0
github.com/k-tsurumaki/fuselage/fuselage.go:112.2,112.15 1 1
github.com/k-tsurumaki/fuselage/fuselage.go:120.75,122.30 2 1
github.com/k-tsurumaki/fuselage/fuselage.go:122.30,124.3 1 1
github.com/k-tsurumaki/fuselage/fuselage.go:125.2,125.35 1 1
github.com/k-tsurumaki/fuselage/fuselage.go:129.51,130.47 1 1
github.com/k-tsurumaki/fuselage/fuselage.go:130.47,132.3 1 1
github.com/k-tsurumaki/fuselage/fuselage.go:133.2,133.11 1 0
github.com/k-tsurumaki/fuselage/fuselage.go:142.59,152.2 1 0
github.com/k-tsurumaki/fuselage/middleware.go:11.45,12.71 1 1
github.com/k-tsurumaki/fuselage/middleware.go:12.71,20.3 5 1
github.com/k-tsurumaki/fuselage/middleware.go:24.46,25.71 1 1
github.com/k-tsurumaki/fuselage/middleware.go:25.71,26.16 1 1
github.com/k-tsurumaki/fuselage/middleware.go:26.16,27.36 1 1
github.com/k-tsurumaki/fuselage/middleware.go:27.36,30.5 2 1
github.com/k-tsurumaki/fuselage/middleware.go:32.3,32.23 1 1
github.com/k-tsurumaki/fuselage/middleware.go:37.70,38.46 1 1
github.com/k-tsurumaki/fuselage/middleware.go:38.46,39.72 1 1
github.com/k-tsurumaki/fuselage/middleware.go:39.72,44.4 3 1
github.com/k-tsurumaki/fuselage/middleware.go:53.49,56.2 2 1
